# JRE version: OpenJDK Runtime Environment Zulu13.54+17-CA (13.0.14+5) (build 13.0.14+5-MTS)
# Java VM: OpenJDK 64-Bit Server VM Zulu13.54+17-CA (13.0.14+5-MTS, mixed mode, sharing, tiered, compressed oops, g1 gc, windows-amd64)
Heap:
 garbage-first heap   total 65536K, used 25164K [0x0000000703a00000, 0x0000000800000000)
  region size 1024K, 18 young (18432K), 7 survivors (7168K)
 Metaspace       used 27016K, capacity 27518K, committed 27824K, reserved 1075200K
  class space    used 2813K, capacity 3021K, committed 3072K, reserved 1048576K
GC Heap History (6 events):
Event: 0.672 GC heap before
{Heap before GC invocations=0 (full 0):
 garbage-first heap   total 260096K, used 23552K [0x0000000703a00000, 0x0000000800000000)
  region size 1024K, 24 young (24576K), 0 survivors (0K)
 Metaspace       used 5747K, capacity 8597K, committed 8960K, reserved 1056768K
  class space    used 377K, capacity 679K, committed 768K, reserved 1048576K
}
Event: 0.679 GC heap after
{Heap after GC invocations=1 (full 0):
 garbage-first heap   total 260096K, used 3063K [0x0000000703a00000, 0x0000000800000000)
  region size 1024K, 3 young (3072K), 3 survivors (3072K)
 Metaspace       used 5747K, capacity 8597K, committed 8960K, reserved 1056768K
  class space    used 377K, capacity 679K, committed 768K, reserved 1048576K
}
Event: 1.526 GC heap before
{Heap before GC invocations=1 (full 0):
 garbage-first heap   total 260096K, used 63479K [0x0000000703a00000, 0x0000000800000000)
  region size 1024K, 58 young (59392K), 3 survivors (3072K)
 Metaspace       used 20718K, capacity 21181K, committed 21296K, reserved 1069056K
  class space    used 2176K, capacity 2383K, committed 2432K, reserved 1048576K
}
Event: 1.533 GC heap after
{Heap after GC invocations=2 (full 0):
 garbage-first heap   total 260096K, used 13210K [0x0000000703a00000, 0x0000000800000000)
  region size 1024K, 8 young (8192K), 8 survivors (8192K)
 Metaspace       used 20718K, capacity 21181K, committed 21296K, reserved 1069056K
  class space    used 2176K, capacity 2383K, committed 2432K, reserved 1048576K
}
Event: 1.800 GC heap before
{Heap before GC invocations=3 (full 0):
 garbage-first heap   total 55296K, used 54170K [0x0000000703a00000, 0x0000000800000000)
  region size 1024K, 49 young (50176K), 8 survivors (8192K)
 Metaspace       used 24061K, capacity 24583K, committed 24752K, reserved 1071104K
  class space    used 2589K, capacity 2795K, committed 2816K, reserved 1048576K
}
Event: 1.805 GC heap after
{Heap after GC invocations=4 (full 0):
 garbage-first heap   total 65536K, used 14924K [0x0000000703a00000, 0x0000000800000000)
  region size 1024K, 7 young (7168K), 7 survivors (7168K)
 Metaspace       used 24061K, capacity 24583K, committed 24752K, reserved 1071104K
  class space    used 2589K, capacity 2795K, committed 2816K, reserved 1048576K
}

