# JRE version: OpenJDK Runtime Environment Zulu13.54+17-CA (13.0.14+5) (build 13.0.14+5-MTS)
# Java VM: OpenJDK 64-Bit Server VM Zulu13.54+17-CA (13.0.14+5-MTS, mixed mode, sharing, tiered, compressed oops, g1 gc, windows-amd64)
Heap:
 garbage-first heap   total 61440K, used 40746K [0x0000000703a00000, 0x0000000800000000)
  region size 1024K, 24 young (24576K), 2 survivors (2048K)
 Metaspace       used 29066K, capacity 29631K, committed 29824K, reserved 1075200K
  class space    used 2958K, capacity 3199K, committed 3200K, reserved 1048576K
GC Heap History (6 events):
Event: 0.376 GC heap before
{Heap before GC invocations=0 (full 0):
 garbage-first heap   total 260096K, used 23552K [0x0000000703a00000, 0x0000000800000000)
  region size 1024K, 24 young (24576K), 0 survivors (0K)
 Metaspace       used 4630K, capacity 6997K, committed 7168K, reserved 1056768K
  class space    used 426K, capacity 674K, committed 768K, reserved 1048576K
}
Event: 0.379 GC heap after
{Heap after GC invocations=1 (full 0):
 garbage-first heap   total 260096K, used 4380K [0x0000000703a00000, 0x0000000800000000)
  region size 1024K, 3 young (3072K), 3 survivors (3072K)
 Metaspace       used 4630K, capacity 6997K, committed 7168K, reserved 1056768K
  class space    used 426K, capacity 674K, committed 768K, reserved 1048576K
}
Event: 1.412 GC heap before
{Heap before GC invocations=1 (full 0):
 garbage-first heap   total 260096K, used 67868K [0x0000000703a00000, 0x0000000800000000)
  region size 1024K, 66 young (67584K), 3 survivors (3072K)
 Metaspace       used 20670K, capacity 21153K, committed 21296K, reserved 1069056K
  class space    used 2137K, capacity 2352K, committed 2432K, reserved 1048576K
}
Event: 1.419 GC heap after
{Heap after GC invocations=2 (full 0):
 garbage-first heap   total 260096K, used 10727K [0x0000000703a00000, 0x0000000800000000)
  region size 1024K, 10 young (10240K), 10 survivors (10240K)
 Metaspace       used 20670K, capacity 21153K, committed 21296K, reserved 1069056K
  class space    used 2137K, capacity 2352K, committed 2432K, reserved 1048576K
}
Event: 1.599 GC heap before
{Heap before GC invocations=3 (full 0):
 garbage-first heap   total 51200K, used 47591K [0x0000000703a00000, 0x0000000800000000)
  region size 1024K, 42 young (43008K), 10 survivors (10240K)
 Metaspace       used 23809K, capacity 24323K, committed 24576K, reserved 1071104K
  class space    used 2549K, capacity 2753K, committed 2816K, reserved 1048576K
}
Event: 1.606 GC heap after
{Heap after GC invocations=4 (full 0):
 garbage-first heap   total 61440K, used 17194K [0x0000000703a00000, 0x0000000800000000)
  region size 1024K, 2 young (2048K), 2 survivors (2048K)
 Metaspace       used 23809K, capacity 24323K, committed 24576K, reserved 1071104K
  class space    used 2549K, capacity 2753K, committed 2816K, reserved 1048576K
}

